[debug] ----------------------------------------------------------------------
[debug] Command:      c:\Program Files\nodejs\node.exe c:\Users\Alex\AppData\Roaming\npm\node_modules\firebase-tools\bin\firebase deploy
[debug] Platform:     win32
[debug] Node Version: v4.0.0
[debug] Time:         Fri Oct 30 2015 12:06:36 GMT-0500 (Central Daylight Time)
[debug] ----------------------------------------------------------------------
[debug] 
[debug] >>> HTTP REQUEST GET https://admin.firebase.com/firebase/alexpear-blog/token?token=XXX 
[debug] TypeError: Cannot read property 'exit' of null
    at c:\Users\Alex\AppData\Roaming\npm\node_modules\firebase-tools\lib\requireAccess.js:22:12
    at lib$rsvp$$internal$$tryCatch (c:\Users\Alex\AppData\Roaming\npm\node_modules\firebase-tools\node_modules\rsvp\dist\rsvp.js:493:16)
    at lib$rsvp$$internal$$invokeCallback (c:\Users\Alex\AppData\Roaming\npm\node_modules\firebase-tools\node_modules\rsvp\dist\rsvp.js:505:17)
    at lib$rsvp$$internal$$publish (c:\Users\Alex\AppData\Roaming\npm\node_modules\firebase-tools\node_modules\rsvp\dist\rsvp.js:476:11)
    at lib$rsvp$$internal$$publishRejection (c:\Users\Alex\AppData\Roaming\npm\node_modules\firebase-tools\node_modules\rsvp\dist\rsvp.js:419:7)
    at lib$rsvp$asap$$flush (c:\Users\Alex\AppData\Roaming\npm\node_modules\firebase-tools\node_modules\rsvp\dist\rsvp.js:1198:9)
    at doNTCallback0 (node.js:407:9)
    at process._tickCallback (node.js:336:13)
[error] 
[error] Error: An unexpected error has occurred.
[debug] ----------------------------------------------------------------------
[debug] Command:      c:\Program Files\nodejs\node.exe c:\Users\Alex\AppData\Roaming\npm\node_modules\firebase-tools\bin\firebase deploy
[debug] Platform:     win32
[debug] Node Version: v4.0.0
[debug] Time:         Fri Oct 30 2015 12:07:19 GMT-0500 (Central Daylight Time)
[debug] ----------------------------------------------------------------------
[debug] 
[debug] >>> HTTP REQUEST GET https://admin.firebase.com/firebase/alexpear-blog/token?token=XXX 
[debug] TypeError: Cannot read property 'exit' of null
    at c:\Users\Alex\AppData\Roaming\npm\node_modules\firebase-tools\lib\requireAccess.js:22:12
    at lib$rsvp$$internal$$tryCatch (c:\Users\Alex\AppData\Roaming\npm\node_modules\firebase-tools\node_modules\rsvp\dist\rsvp.js:493:16)
    at lib$rsvp$$internal$$invokeCallback (c:\Users\Alex\AppData\Roaming\npm\node_modules\firebase-tools\node_modules\rsvp\dist\rsvp.js:505:17)
    at lib$rsvp$$internal$$publish (c:\Users\Alex\AppData\Roaming\npm\node_modules\firebase-tools\node_modules\rsvp\dist\rsvp.js:476:11)
    at lib$rsvp$$internal$$publishRejection (c:\Users\Alex\AppData\Roaming\npm\node_modules\firebase-tools\node_modules\rsvp\dist\rsvp.js:419:7)
    at lib$rsvp$asap$$flush (c:\Users\Alex\AppData\Roaming\npm\node_modules\firebase-tools\node_modules\rsvp\dist\rsvp.js:1198:9)
    at doNTCallback0 (node.js:407:9)
    at process._tickCallback (node.js:336:13)
[error] 
[error] Error: An unexpected error has occurred.
